2023-04-04 16:14:59,024 [INFO] bit_common: Namespace(base_lr=0.003, batch=1, batch_split=1, bit_pretrained_dir='.', datadir='/home/root/ba_project/datasets/incremental_dataset_sections_conveyor_curve/', dataset='custom', eval_every=None, examples_per_class=None, examples_per_class_seed=0, logdir='./bit_logs/', model='BiT-M-R152x2', name='first_experiment', save=True, workers=8)
2023-04-04 16:14:59,024 [INFO] bit_common: Going to train on cpu
2023-04-04 16:15:41,522 [INFO] bit_common: Namespace(base_lr=0.003, batch=1, batch_split=1, bit_pretrained_dir='.', datadir='/home/root/ba_project/datasets/incremental_dataset_sections_conveyor_curve/', dataset='cerrion', eval_every=None, examples_per_class=None, examples_per_class_seed=0, logdir='./bit_logs/', model='BiT-M-R152x2', name='first_experiment', save=True, workers=8)
2023-04-04 16:15:41,522 [INFO] bit_common: Going to train on cpu
2023-04-04 16:16:05,915 [INFO] bit_common: Namespace(base_lr=0.003, batch=1, batch_split=1, bit_pretrained_dir='.', datadir='../datasets/incremental_dataset_sections_conveyor_curve/', dataset='cerrion', eval_every=None, examples_per_class=None, examples_per_class_seed=0, logdir='./bit_logs/', model='BiT-M-R152x2', name='first_experiment', save=True, workers=8)
2023-04-04 16:16:05,915 [INFO] bit_common: Going to train on cpu
2023-04-04 16:16:06,095 [INFO] bit_common: Using a training set with 66632 images.
2023-04-04 16:16:06,095 [INFO] bit_common: Using a validation set with 22860 images.
2023-04-04 16:16:06,095 [INFO] bit_common: Loading model from BiT-M-R152x2.npz
2023-04-04 16:16:21,868 [INFO] bit_common: Namespace(base_lr=0.003, batch=1, batch_split=1, bit_pretrained_dir='.', datadir='../datasets/incremental_dataset_sections_conveyor_curve/', dataset='cerrion', eval_every=None, examples_per_class=None, examples_per_class_seed=0, logdir='./bit_logs/', model='BiT-M-R50x1', name='first_experiment', save=True, workers=8)
2023-04-04 16:16:21,868 [INFO] bit_common: Going to train on cpu
2023-04-04 16:16:22,039 [INFO] bit_common: Using a training set with 66632 images.
2023-04-04 16:16:22,039 [INFO] bit_common: Using a validation set with 22860 images.
2023-04-04 16:16:22,039 [INFO] bit_common: Loading model from BiT-M-R50x1.npz
2023-04-04 16:16:22,333 [INFO] bit_common: Moving model onto all GPUs
2023-04-04 16:16:22,335 [INFO] bit_common: Model will be saved in './bit_logs/first_experiment/bit.pth.tar'
2023-04-04 16:16:22,335 [INFO] bit_common: Fine-tuning from BiT
2023-04-04 16:16:22,339 [INFO] bit_common: Starting training!
2023-04-04 16:16:22,378 [DEBUG] PIL.PngImagePlugin: STREAM b'IHDR' 16 13
2023-04-04 16:16:22,378 [DEBUG] PIL.PngImagePlugin: STREAM b'IDAT' 41 8192
2023-04-04 16:16:22,378 [DEBUG] PIL.PngImagePlugin: STREAM b'IHDR' 16 13
2023-04-04 16:16:22,379 [DEBUG] PIL.PngImagePlugin: STREAM b'IHDR' 16 13
2023-04-04 16:16:22,379 [DEBUG] PIL.PngImagePlugin: STREAM b'IDAT' 41 8192
2023-04-04 16:16:22,379 [DEBUG] PIL.PngImagePlugin: STREAM b'IDAT' 41 8192
2023-04-04 16:16:22,381 [DEBUG] PIL.PngImagePlugin: STREAM b'IHDR' 16 13
2023-04-04 16:16:22,381 [DEBUG] PIL.PngImagePlugin: STREAM b'IDAT' 41 8192
2023-04-04 16:16:22,383 [DEBUG] PIL.PngImagePlugin: STREAM b'IHDR' 16 13
2023-04-04 16:16:22,383 [DEBUG] PIL.PngImagePlugin: STREAM b'IHDR' 16 13
2023-04-04 16:16:22,383 [DEBUG] PIL.PngImagePlugin: STREAM b'IDAT' 41 8192
2023-04-04 16:16:22,383 [DEBUG] PIL.PngImagePlugin: STREAM b'IHDR' 16 13
2023-04-04 16:16:22,383 [DEBUG] PIL.PngImagePlugin: STREAM b'IHDR' 16 13
2023-04-04 16:16:22,383 [DEBUG] PIL.PngImagePlugin: STREAM b'IDAT' 41 8192
2023-04-04 16:16:22,383 [DEBUG] PIL.PngImagePlugin: STREAM b'IDAT' 41 8192
2023-04-04 16:16:22,383 [DEBUG] PIL.PngImagePlugin: STREAM b'IDAT' 41 8192
2023-04-04 16:16:22,400 [DEBUG] PIL.PngImagePlugin: STREAM b'IHDR' 16 13
2023-04-04 16:16:22,400 [DEBUG] PIL.PngImagePlugin: STREAM b'IDAT' 41 8192
2023-04-04 16:16:22,406 [DEBUG] PIL.PngImagePlugin: STREAM b'IHDR' 16 13
2023-04-04 16:16:22,407 [DEBUG] PIL.PngImagePlugin: STREAM b'IDAT' 41 8192
2023-04-04 16:16:22,409 [DEBUG] PIL.PngImagePlugin: STREAM b'IHDR' 16 13
2023-04-04 16:16:22,409 [DEBUG] PIL.PngImagePlugin: STREAM b'IDAT' 41 8192
2023-04-04 16:16:22,409 [DEBUG] PIL.PngImagePlugin: STREAM b'IHDR' 16 13
2023-04-04 16:16:22,409 [DEBUG] PIL.PngImagePlugin: STREAM b'IDAT' 41 8192
2023-04-04 16:16:22,410 [DEBUG] PIL.PngImagePlugin: STREAM b'IHDR' 16 13
2023-04-04 16:16:22,411 [DEBUG] PIL.PngImagePlugin: STREAM b'IDAT' 41 8192
2023-04-04 16:16:22,413 [DEBUG] PIL.PngImagePlugin: STREAM b'IHDR' 16 13
2023-04-04 16:16:22,413 [DEBUG] PIL.PngImagePlugin: STREAM b'IDAT' 41 8192
2023-04-04 16:16:22,414 [DEBUG] PIL.PngImagePlugin: STREAM b'IHDR' 16 13
2023-04-04 16:16:22,414 [DEBUG] PIL.PngImagePlugin: STREAM b'IDAT' 41 8192
2023-04-04 16:16:22,414 [DEBUG] PIL.PngImagePlugin: STREAM b'IHDR' 16 13
2023-04-04 16:16:22,415 [DEBUG] PIL.PngImagePlugin: STREAM b'IDAT' 41 8192
2023-04-04 16:16:22,425 [DEBUG] PIL.PngImagePlugin: STREAM b'IHDR' 16 13
2023-04-04 16:16:22,425 [DEBUG] PIL.PngImagePlugin: STREAM b'IDAT' 41 8192
2023-04-04 16:16:23,133 [INFO] bit_common: [step 0]: loss=1.09861 (lr=0.0e+00)
2023-04-04 16:16:23,189 [DEBUG] PIL.PngImagePlugin: STREAM b'IHDR' 16 13
2023-04-04 16:16:23,189 [DEBUG] PIL.PngImagePlugin: STREAM b'IDAT' 41 8192
2023-04-04 16:16:23,784 [INFO] bit_common: [step 1]: loss=1.09861 (lr=6.0e-06)
2023-04-04 16:16:23,805 [DEBUG] PIL.PngImagePlugin: STREAM b'IHDR' 16 13
2023-04-04 16:16:23,805 [DEBUG] PIL.PngImagePlugin: STREAM b'IDAT' 41 8192
2023-04-04 16:16:24,372 [INFO] bit_common: [step 2]: loss=1.04221 (lr=1.2e-05)
2023-04-04 16:16:24,390 [DEBUG] PIL.PngImagePlugin: STREAM b'IHDR' 16 13
2023-04-04 16:16:24,390 [DEBUG] PIL.PngImagePlugin: STREAM b'IDAT' 41 8192
2023-04-04 16:16:24,958 [INFO] bit_common: [step 3]: loss=0.86474 (lr=1.8e-05)
2023-04-04 16:16:24,999 [INFO] bit_common: Running validation...
2023-04-04 16:16:25,137 [DEBUG] PIL.PngImagePlugin: STREAM b'IHDR' 16 13
2023-04-04 16:16:25,137 [DEBUG] PIL.PngImagePlugin: STREAM b'IHDR' 16 13
2023-04-04 16:16:25,137 [DEBUG] PIL.PngImagePlugin: STREAM b'IDAT' 41 8192
2023-04-04 16:16:25,137 [DEBUG] PIL.PngImagePlugin: STREAM b'IDAT' 41 8192
2023-04-04 16:16:25,139 [DEBUG] PIL.PngImagePlugin: STREAM b'IHDR' 16 13
2023-04-04 16:16:25,139 [DEBUG] PIL.PngImagePlugin: STREAM b'IDAT' 41 8192
2023-04-04 16:16:25,140 [DEBUG] PIL.PngImagePlugin: STREAM b'IHDR' 16 13
2023-04-04 16:16:25,140 [DEBUG] PIL.PngImagePlugin: STREAM b'IHDR' 16 13
2023-04-04 16:16:25,140 [DEBUG] PIL.PngImagePlugin: STREAM b'IDAT' 41 8192
2023-04-04 16:16:25,140 [DEBUG] PIL.PngImagePlugin: STREAM b'IDAT' 41 8192
2023-04-04 16:16:25,140 [DEBUG] PIL.PngImagePlugin: STREAM b'IHDR' 16 13
2023-04-04 16:16:25,140 [DEBUG] PIL.PngImagePlugin: STREAM b'IHDR' 16 13
2023-04-04 16:16:25,140 [DEBUG] PIL.PngImagePlugin: STREAM b'IDAT' 41 8192
2023-04-04 16:16:25,140 [DEBUG] PIL.PngImagePlugin: STREAM b'IDAT' 41 8192
2023-04-04 16:16:25,141 [DEBUG] PIL.PngImagePlugin: STREAM b'IHDR' 16 13
2023-04-04 16:16:25,141 [DEBUG] PIL.PngImagePlugin: STREAM b'IDAT' 41 8192
2023-04-04 16:16:25,154 [DEBUG] PIL.PngImagePlugin: STREAM b'IHDR' 16 13
2023-04-04 16:16:25,154 [DEBUG] PIL.PngImagePlugin: STREAM b'IHDR' 16 13
2023-04-04 16:16:25,154 [DEBUG] PIL.PngImagePlugin: STREAM b'IDAT' 41 8192
2023-04-04 16:16:25,154 [DEBUG] PIL.PngImagePlugin: STREAM b'IDAT' 41 8192
2023-04-04 16:16:25,162 [DEBUG] PIL.PngImagePlugin: STREAM b'IHDR' 16 13
2023-04-04 16:16:25,162 [DEBUG] PIL.PngImagePlugin: STREAM b'IDAT' 41 8192
2023-04-04 16:16:25,162 [DEBUG] PIL.PngImagePlugin: STREAM b'IHDR' 16 13
2023-04-04 16:16:25,162 [DEBUG] PIL.PngImagePlugin: STREAM b'IDAT' 41 8192
2023-04-04 16:16:25,163 [DEBUG] PIL.PngImagePlugin: STREAM b'IHDR' 16 13
2023-04-04 16:16:25,163 [DEBUG] PIL.PngImagePlugin: STREAM b'IDAT' 41 8192
2023-04-04 16:16:25,164 [DEBUG] PIL.PngImagePlugin: STREAM b'IHDR' 16 13
2023-04-04 16:16:25,165 [DEBUG] PIL.PngImagePlugin: STREAM b'IHDR' 16 13
2023-04-04 16:16:25,165 [DEBUG] PIL.PngImagePlugin: STREAM b'IDAT' 41 8192
2023-04-04 16:16:25,165 [DEBUG] PIL.PngImagePlugin: STREAM b'IDAT' 41 8192
2023-04-04 16:16:25,166 [DEBUG] PIL.PngImagePlugin: STREAM b'IHDR' 16 13
2023-04-04 16:16:25,166 [DEBUG] PIL.PngImagePlugin: STREAM b'IDAT' 41 8192
2023-04-04 16:16:25,182 [DEBUG] PIL.PngImagePlugin: STREAM b'IHDR' 16 13
2023-04-04 16:16:25,182 [DEBUG] PIL.PngImagePlugin: STREAM b'IDAT' 41 8192
2023-04-04 16:17:25,454 [INFO] bit_common: Namespace(base_lr=0.003, batch=1, batch_split=1, bit_pretrained_dir='.', datadir='../datasets/test', dataset='cerrion', eval_every=None, examples_per_class=None, examples_per_class_seed=0, logdir='./bit_logs/', model='BiT-M-R50x1', name='first_experiment', save=True, workers=8)
2023-04-04 16:17:25,454 [INFO] bit_common: Going to train on cpu
2023-04-04 16:17:25,455 [INFO] bit_common: Using a training set with 21 images.
2023-04-04 16:17:25,455 [INFO] bit_common: Using a validation set with 21 images.
2023-04-04 16:17:25,455 [INFO] bit_common: Loading model from BiT-M-R50x1.npz
2023-04-04 16:17:25,681 [INFO] bit_common: Moving model onto all GPUs
2023-04-04 16:17:25,682 [INFO] bit_common: Model will be saved in './bit_logs/first_experiment/bit.pth.tar'
2023-04-04 16:17:25,682 [INFO] bit_common: Fine-tuning from BiT
2023-04-04 16:17:25,684 [INFO] bit_common: Starting training!
2023-04-04 16:17:25,709 [DEBUG] PIL.PngImagePlugin: STREAM b'IHDR' 16 13
2023-04-04 16:17:25,709 [DEBUG] PIL.PngImagePlugin: STREAM b'tEXt' 41 57
2023-04-04 16:17:25,709 [DEBUG] PIL.PngImagePlugin: STREAM b'pHYs' 110 9
2023-04-04 16:17:25,709 [DEBUG] PIL.PngImagePlugin: STREAM b'IDAT' 131 65536
2023-04-04 16:17:25,709 [DEBUG] PIL.PngImagePlugin: STREAM b'IHDR' 16 13
2023-04-04 16:17:25,710 [DEBUG] PIL.PngImagePlugin: STREAM b'tEXt' 41 57
2023-04-04 16:17:25,710 [DEBUG] PIL.PngImagePlugin: STREAM b'pHYs' 110 9
2023-04-04 16:17:25,710 [DEBUG] PIL.PngImagePlugin: STREAM b'IDAT' 131 65536
2023-04-04 16:17:25,711 [DEBUG] PIL.PngImagePlugin: STREAM b'IHDR' 16 13
2023-04-04 16:17:25,711 [DEBUG] PIL.PngImagePlugin: STREAM b'tEXt' 41 57
2023-04-04 16:17:25,711 [DEBUG] PIL.PngImagePlugin: STREAM b'pHYs' 110 9
2023-04-04 16:17:25,711 [DEBUG] PIL.PngImagePlugin: STREAM b'IDAT' 131 65536
2023-04-04 16:17:25,711 [DEBUG] PIL.PngImagePlugin: STREAM b'IHDR' 16 13
2023-04-04 16:17:25,711 [DEBUG] PIL.PngImagePlugin: STREAM b'tEXt' 41 57
2023-04-04 16:17:25,711 [DEBUG] PIL.PngImagePlugin: STREAM b'pHYs' 110 9
2023-04-04 16:17:25,711 [DEBUG] PIL.PngImagePlugin: STREAM b'IHDR' 16 13
2023-04-04 16:17:25,711 [DEBUG] PIL.PngImagePlugin: STREAM b'IDAT' 131 65536
2023-04-04 16:17:25,711 [DEBUG] PIL.PngImagePlugin: STREAM b'IHDR' 16 13
2023-04-04 16:17:25,711 [DEBUG] PIL.PngImagePlugin: STREAM b'tEXt' 41 57
2023-04-04 16:17:25,711 [DEBUG] PIL.PngImagePlugin: STREAM b'pHYs' 110 9
2023-04-04 16:17:25,711 [DEBUG] PIL.PngImagePlugin: STREAM b'tEXt' 41 57
2023-04-04 16:17:25,711 [DEBUG] PIL.PngImagePlugin: STREAM b'IDAT' 131 65536
2023-04-04 16:17:25,711 [DEBUG] PIL.PngImagePlugin: STREAM b'pHYs' 110 9
2023-04-04 16:17:25,711 [DEBUG] PIL.PngImagePlugin: STREAM b'IDAT' 131 65536
2023-04-04 16:17:25,713 [DEBUG] PIL.PngImagePlugin: STREAM b'IHDR' 16 13
2023-04-04 16:17:25,713 [DEBUG] PIL.PngImagePlugin: STREAM b'tEXt' 41 57
2023-04-04 16:17:25,713 [DEBUG] PIL.PngImagePlugin: STREAM b'pHYs' 110 9
2023-04-04 16:17:25,713 [DEBUG] PIL.PngImagePlugin: STREAM b'IDAT' 131 65536
2023-04-04 16:17:25,713 [DEBUG] PIL.PngImagePlugin: STREAM b'IHDR' 16 13
2023-04-04 16:17:25,713 [DEBUG] PIL.PngImagePlugin: STREAM b'tEXt' 41 57
2023-04-04 16:17:25,713 [DEBUG] PIL.PngImagePlugin: STREAM b'pHYs' 110 9
2023-04-04 16:17:25,713 [DEBUG] PIL.PngImagePlugin: STREAM b'IDAT' 131 65536
2023-04-04 16:17:25,731 [DEBUG] PIL.PngImagePlugin: STREAM b'IHDR' 16 13
2023-04-04 16:17:25,731 [DEBUG] PIL.PngImagePlugin: STREAM b'tEXt' 41 57
2023-04-04 16:17:25,731 [DEBUG] PIL.PngImagePlugin: STREAM b'pHYs' 110 9
2023-04-04 16:17:25,731 [DEBUG] PIL.PngImagePlugin: STREAM b'IHDR' 16 13
2023-04-04 16:17:25,731 [DEBUG] PIL.PngImagePlugin: STREAM b'IDAT' 131 65536
2023-04-04 16:17:25,732 [DEBUG] PIL.PngImagePlugin: STREAM b'tEXt' 41 57
2023-04-04 16:17:25,732 [DEBUG] PIL.PngImagePlugin: STREAM b'pHYs' 110 9
2023-04-04 16:17:25,732 [DEBUG] PIL.PngImagePlugin: STREAM b'IDAT' 131 65536
2023-04-04 16:17:25,733 [DEBUG] PIL.PngImagePlugin: STREAM b'IHDR' 16 13
2023-04-04 16:17:25,733 [DEBUG] PIL.PngImagePlugin: STREAM b'tEXt' 41 57
2023-04-04 16:17:25,733 [DEBUG] PIL.PngImagePlugin: STREAM b'pHYs' 110 9
2023-04-04 16:17:25,733 [DEBUG] PIL.PngImagePlugin: STREAM b'IDAT' 131 65536
2023-04-04 16:17:25,741 [DEBUG] PIL.PngImagePlugin: STREAM b'IHDR' 16 13
2023-04-04 16:17:25,741 [DEBUG] PIL.PngImagePlugin: STREAM b'tEXt' 41 57
2023-04-04 16:17:25,741 [DEBUG] PIL.PngImagePlugin: STREAM b'pHYs' 110 9
2023-04-04 16:17:25,741 [DEBUG] PIL.PngImagePlugin: STREAM b'IDAT' 131 65536
2023-04-04 16:17:25,741 [DEBUG] PIL.PngImagePlugin: STREAM b'IHDR' 16 13
2023-04-04 16:17:25,741 [DEBUG] PIL.PngImagePlugin: STREAM b'tEXt' 41 57
2023-04-04 16:17:25,742 [DEBUG] PIL.PngImagePlugin: STREAM b'pHYs' 110 9
2023-04-04 16:17:25,742 [DEBUG] PIL.PngImagePlugin: STREAM b'IDAT' 131 65536
2023-04-04 16:17:25,749 [DEBUG] PIL.PngImagePlugin: STREAM b'IHDR' 16 13
2023-04-04 16:17:25,749 [DEBUG] PIL.PngImagePlugin: STREAM b'tEXt' 41 57
2023-04-04 16:17:25,749 [DEBUG] PIL.PngImagePlugin: STREAM b'pHYs' 110 9
2023-04-04 16:17:25,749 [DEBUG] PIL.PngImagePlugin: STREAM b'IDAT' 131 65536
2023-04-04 16:17:25,756 [DEBUG] PIL.PngImagePlugin: STREAM b'IHDR' 16 13
2023-04-04 16:17:25,756 [DEBUG] PIL.PngImagePlugin: STREAM b'tEXt' 41 57
2023-04-04 16:17:25,757 [DEBUG] PIL.PngImagePlugin: STREAM b'pHYs' 110 9
2023-04-04 16:17:25,757 [DEBUG] PIL.PngImagePlugin: STREAM b'IDAT' 131 65536
2023-04-04 16:17:25,761 [DEBUG] PIL.PngImagePlugin: STREAM b'IHDR' 16 13
2023-04-04 16:17:25,761 [DEBUG] PIL.PngImagePlugin: STREAM b'tEXt' 41 57
2023-04-04 16:17:25,761 [DEBUG] PIL.PngImagePlugin: STREAM b'pHYs' 110 9
2023-04-04 16:17:25,761 [DEBUG] PIL.PngImagePlugin: STREAM b'IDAT' 131 65536
2023-04-04 16:17:25,791 [DEBUG] PIL.PngImagePlugin: STREAM b'IHDR' 16 13
2023-04-04 16:17:25,791 [DEBUG] PIL.PngImagePlugin: STREAM b'tEXt' 41 57
2023-04-04 16:17:25,791 [DEBUG] PIL.PngImagePlugin: STREAM b'pHYs' 110 9
2023-04-04 16:17:25,791 [DEBUG] PIL.PngImagePlugin: STREAM b'IDAT' 131 65536
2023-04-04 16:17:26,349 [INFO] bit_common: [step 0]: loss=1.09861 (lr=0.0e+00)
2023-04-04 16:17:26,404 [DEBUG] PIL.PngImagePlugin: STREAM b'IHDR' 16 13
2023-04-04 16:17:26,404 [DEBUG] PIL.PngImagePlugin: STREAM b'tEXt' 41 57
2023-04-04 16:17:26,404 [DEBUG] PIL.PngImagePlugin: STREAM b'pHYs' 110 9
2023-04-04 16:17:26,404 [DEBUG] PIL.PngImagePlugin: STREAM b'IDAT' 131 65536
2023-04-04 16:17:26,939 [INFO] bit_common: [step 1]: loss=1.09861 (lr=3.0e-05)
2023-04-04 16:17:26,959 [DEBUG] PIL.PngImagePlugin: STREAM b'IHDR' 16 13
2023-04-04 16:17:26,959 [DEBUG] PIL.PngImagePlugin: STREAM b'tEXt' 41 57
2023-04-04 16:17:26,959 [DEBUG] PIL.PngImagePlugin: STREAM b'pHYs' 110 9
2023-04-04 16:17:26,959 [DEBUG] PIL.PngImagePlugin: STREAM b'IDAT' 131 65536
2023-04-04 16:17:27,479 [INFO] bit_common: [step 2]: loss=1.05579 (lr=6.0e-05)
2023-04-04 16:17:27,497 [DEBUG] PIL.PngImagePlugin: STREAM b'IHDR' 16 13
2023-04-04 16:17:27,497 [DEBUG] PIL.PngImagePlugin: STREAM b'tEXt' 41 57
2023-04-04 16:17:27,497 [DEBUG] PIL.PngImagePlugin: STREAM b'pHYs' 110 9
2023-04-04 16:17:27,497 [DEBUG] PIL.PngImagePlugin: STREAM b'IDAT' 131 65536
2023-04-04 16:17:28,011 [INFO] bit_common: [step 3]: loss=1.77944 (lr=9.0e-05)
2023-04-04 16:17:28,028 [DEBUG] PIL.PngImagePlugin: STREAM b'IHDR' 16 13
2023-04-04 16:17:28,028 [DEBUG] PIL.PngImagePlugin: STREAM b'tEXt' 41 57
2023-04-04 16:17:28,028 [DEBUG] PIL.PngImagePlugin: STREAM b'pHYs' 110 9
2023-04-04 16:17:28,028 [DEBUG] PIL.PngImagePlugin: STREAM b'IDAT' 131 65536
2023-04-04 16:17:28,540 [INFO] bit_common: [step 4]: loss=1.73039 (lr=1.2e-04)
2023-04-04 16:17:29,065 [INFO] bit_common: [step 5]: loss=0.59077 (lr=1.5e-04)
2023-04-04 16:17:29,588 [INFO] bit_common: [step 6]: loss=1.11446 (lr=1.8e-04)
2023-04-04 16:17:30,117 [INFO] bit_common: [step 7]: loss=3.11239 (lr=2.1e-04)
2023-04-04 16:17:30,634 [INFO] bit_common: [step 8]: loss=0.02286 (lr=2.4e-04)
2023-04-04 16:17:31,156 [INFO] bit_common: [step 9]: loss=0.15261 (lr=2.7e-04)
2023-04-04 16:17:31,677 [INFO] bit_common: [step 10]: loss=0.00002 (lr=3.0e-04)
2023-04-04 16:17:32,219 [INFO] bit_common: [step 11]: loss=0.60131 (lr=3.3e-04)
2023-04-04 16:17:32,808 [INFO] bit_common: [step 12]: loss=12.08202 (lr=3.6e-04)
2023-04-04 16:17:33,403 [INFO] bit_common: [step 13]: loss=6.97029 (lr=3.9e-04)
2023-04-04 16:17:34,008 [INFO] bit_common: [step 14]: loss=0.04851 (lr=4.2e-04)
2023-04-04 16:17:34,640 [INFO] bit_common: [step 15]: loss=0.00001 (lr=4.5e-04)
2023-04-04 16:17:35,237 [INFO] bit_common: [step 16]: loss=0.00000 (lr=4.8e-04)
2023-04-04 16:17:35,828 [INFO] bit_common: [step 17]: loss=0.00000 (lr=5.1e-04)
2023-04-04 16:17:36,427 [INFO] bit_common: [step 18]: loss=31.08264 (lr=5.4e-04)
2023-04-04 16:17:37,024 [INFO] bit_common: [step 19]: loss=17.50077 (lr=5.7e-04)
2023-04-04 16:17:37,627 [INFO] bit_common: [step 20]: loss=0.01070 (lr=6.0e-04)
2023-04-04 16:17:37,781 [DEBUG] PIL.PngImagePlugin: STREAM b'IHDR' 16 13
2023-04-04 16:17:37,781 [DEBUG] PIL.PngImagePlugin: STREAM b'IHDR' 16 13
2023-04-04 16:17:37,781 [DEBUG] PIL.PngImagePlugin: STREAM b'tEXt' 41 57
2023-04-04 16:17:37,781 [DEBUG] PIL.PngImagePlugin: STREAM b'tEXt' 41 57
2023-04-04 16:17:37,781 [DEBUG] PIL.PngImagePlugin: STREAM b'pHYs' 110 9
2023-04-04 16:17:37,781 [DEBUG] PIL.PngImagePlugin: STREAM b'pHYs' 110 9
2023-04-04 16:17:37,781 [DEBUG] PIL.PngImagePlugin: STREAM b'IDAT' 131 65536
2023-04-04 16:17:37,781 [DEBUG] PIL.PngImagePlugin: STREAM b'IDAT' 131 65536
2023-04-04 16:17:37,781 [DEBUG] PIL.PngImagePlugin: STREAM b'IHDR' 16 13
2023-04-04 16:17:37,781 [DEBUG] PIL.PngImagePlugin: STREAM b'tEXt' 41 57
2023-04-04 16:17:37,781 [DEBUG] PIL.PngImagePlugin: STREAM b'pHYs' 110 9
2023-04-04 16:17:37,781 [DEBUG] PIL.PngImagePlugin: STREAM b'IDAT' 131 65536
2023-04-04 16:17:37,781 [DEBUG] PIL.PngImagePlugin: STREAM b'IHDR' 16 13
2023-04-04 16:17:37,781 [DEBUG] PIL.PngImagePlugin: STREAM b'tEXt' 41 57
2023-04-04 16:17:37,781 [DEBUG] PIL.PngImagePlugin: STREAM b'pHYs' 110 9
2023-04-04 16:17:37,781 [DEBUG] PIL.PngImagePlugin: STREAM b'IDAT' 131 65536
2023-04-04 16:17:37,782 [DEBUG] PIL.PngImagePlugin: STREAM b'IHDR' 16 13
2023-04-04 16:17:37,782 [DEBUG] PIL.PngImagePlugin: STREAM b'tEXt' 41 57
2023-04-04 16:17:37,783 [DEBUG] PIL.PngImagePlugin: STREAM b'pHYs' 110 9
2023-04-04 16:17:37,783 [DEBUG] PIL.PngImagePlugin: STREAM b'IDAT' 131 65536
2023-04-04 16:17:37,783 [DEBUG] PIL.PngImagePlugin: STREAM b'IHDR' 16 13
2023-04-04 16:17:37,783 [DEBUG] PIL.PngImagePlugin: STREAM b'IHDR' 16 13
2023-04-04 16:17:37,783 [DEBUG] PIL.PngImagePlugin: STREAM b'tEXt' 41 57
2023-04-04 16:17:37,783 [DEBUG] PIL.PngImagePlugin: STREAM b'tEXt' 41 57
2023-04-04 16:17:37,783 [DEBUG] PIL.PngImagePlugin: STREAM b'pHYs' 110 9
2023-04-04 16:17:37,783 [DEBUG] PIL.PngImagePlugin: STREAM b'pHYs' 110 9
2023-04-04 16:17:37,783 [DEBUG] PIL.PngImagePlugin: STREAM b'IDAT' 131 65536
2023-04-04 16:17:37,783 [DEBUG] PIL.PngImagePlugin: STREAM b'IDAT' 131 65536
2023-04-04 16:17:37,789 [DEBUG] PIL.PngImagePlugin: STREAM b'IHDR' 16 13
2023-04-04 16:17:37,789 [DEBUG] PIL.PngImagePlugin: STREAM b'tEXt' 41 57
2023-04-04 16:17:37,789 [DEBUG] PIL.PngImagePlugin: STREAM b'pHYs' 110 9
2023-04-04 16:17:37,789 [DEBUG] PIL.PngImagePlugin: STREAM b'IDAT' 131 65536
2023-04-04 16:17:37,797 [DEBUG] PIL.PngImagePlugin: STREAM b'IHDR' 16 13
2023-04-04 16:17:37,798 [DEBUG] PIL.PngImagePlugin: STREAM b'tEXt' 41 57
2023-04-04 16:17:37,798 [DEBUG] PIL.PngImagePlugin: STREAM b'pHYs' 110 9
2023-04-04 16:17:37,798 [DEBUG] PIL.PngImagePlugin: STREAM b'IDAT' 131 65536
2023-04-04 16:17:37,799 [DEBUG] PIL.PngImagePlugin: STREAM b'IHDR' 16 13
2023-04-04 16:17:37,799 [DEBUG] PIL.PngImagePlugin: STREAM b'IHDR' 16 13
2023-04-04 16:17:37,799 [DEBUG] PIL.PngImagePlugin: STREAM b'tEXt' 41 57
2023-04-04 16:17:37,799 [DEBUG] PIL.PngImagePlugin: STREAM b'tEXt' 41 57
2023-04-04 16:17:37,799 [DEBUG] PIL.PngImagePlugin: STREAM b'pHYs' 110 9
2023-04-04 16:17:37,799 [DEBUG] PIL.PngImagePlugin: STREAM b'IDAT' 131 65536
2023-04-04 16:17:37,799 [DEBUG] PIL.PngImagePlugin: STREAM b'pHYs' 110 9
2023-04-04 16:17:37,799 [DEBUG] PIL.PngImagePlugin: STREAM b'IDAT' 131 65536
2023-04-04 16:17:37,812 [DEBUG] PIL.PngImagePlugin: STREAM b'IHDR' 16 13
2023-04-04 16:17:37,812 [DEBUG] PIL.PngImagePlugin: STREAM b'tEXt' 41 57
2023-04-04 16:17:37,812 [DEBUG] PIL.PngImagePlugin: STREAM b'IHDR' 16 13
2023-04-04 16:17:37,813 [DEBUG] PIL.PngImagePlugin: STREAM b'pHYs' 110 9
2023-04-04 16:17:37,813 [DEBUG] PIL.PngImagePlugin: STREAM b'tEXt' 41 57
2023-04-04 16:17:37,813 [DEBUG] PIL.PngImagePlugin: STREAM b'IDAT' 131 65536
2023-04-04 16:17:37,813 [DEBUG] PIL.PngImagePlugin: STREAM b'pHYs' 110 9
2023-04-04 16:17:37,813 [DEBUG] PIL.PngImagePlugin: STREAM b'IDAT' 131 65536
2023-04-04 16:17:37,817 [DEBUG] PIL.PngImagePlugin: STREAM b'IHDR' 16 13
2023-04-04 16:17:37,817 [DEBUG] PIL.PngImagePlugin: STREAM b'tEXt' 41 57
2023-04-04 16:17:37,817 [DEBUG] PIL.PngImagePlugin: STREAM b'pHYs' 110 9
2023-04-04 16:17:37,817 [DEBUG] PIL.PngImagePlugin: STREAM b'IDAT' 131 65536
2023-04-04 16:17:37,839 [DEBUG] PIL.PngImagePlugin: STREAM b'IHDR' 16 13
2023-04-04 16:17:37,839 [DEBUG] PIL.PngImagePlugin: STREAM b'tEXt' 41 57
2023-04-04 16:17:37,839 [DEBUG] PIL.PngImagePlugin: STREAM b'pHYs' 110 9
2023-04-04 16:17:37,839 [DEBUG] PIL.PngImagePlugin: STREAM b'IDAT' 131 65536
2023-04-04 16:17:37,850 [DEBUG] PIL.PngImagePlugin: STREAM b'IHDR' 16 13
2023-04-04 16:17:37,851 [DEBUG] PIL.PngImagePlugin: STREAM b'tEXt' 41 57
2023-04-04 16:17:37,851 [DEBUG] PIL.PngImagePlugin: STREAM b'pHYs' 110 9
2023-04-04 16:17:37,851 [DEBUG] PIL.PngImagePlugin: STREAM b'IDAT' 131 65536
2023-04-04 16:17:37,876 [DEBUG] PIL.PngImagePlugin: STREAM b'IHDR' 16 13
2023-04-04 16:17:37,876 [DEBUG] PIL.PngImagePlugin: STREAM b'tEXt' 41 57
2023-04-04 16:17:37,877 [DEBUG] PIL.PngImagePlugin: STREAM b'pHYs' 110 9
2023-04-04 16:17:37,877 [DEBUG] PIL.PngImagePlugin: STREAM b'IDAT' 131 65536
2023-04-04 16:17:38,735 [INFO] bit_common: [step 21]: loss=0.00000 (lr=6.3e-04)
2023-04-04 16:17:38,827 [DEBUG] PIL.PngImagePlugin: STREAM b'IHDR' 16 13
2023-04-04 16:17:38,827 [DEBUG] PIL.PngImagePlugin: STREAM b'tEXt' 41 57
2023-04-04 16:17:38,827 [DEBUG] PIL.PngImagePlugin: STREAM b'pHYs' 110 9
2023-04-04 16:17:38,827 [DEBUG] PIL.PngImagePlugin: STREAM b'IDAT' 131 65536
2023-04-04 16:17:39,457 [INFO] bit_common: [step 22]: loss=19.67872 (lr=6.6e-04)
2023-04-04 16:17:39,481 [DEBUG] PIL.PngImagePlugin: STREAM b'IHDR' 16 13
2023-04-04 16:17:39,481 [DEBUG] PIL.PngImagePlugin: STREAM b'tEXt' 41 57
2023-04-04 16:17:39,481 [DEBUG] PIL.PngImagePlugin: STREAM b'pHYs' 110 9
2023-04-04 16:17:39,481 [DEBUG] PIL.PngImagePlugin: STREAM b'IDAT' 131 65536
2023-04-04 16:17:40,078 [INFO] bit_common: [step 23]: loss=0.00033 (lr=6.9e-04)
2023-04-04 16:17:40,094 [DEBUG] PIL.PngImagePlugin: STREAM b'IHDR' 16 13
2023-04-04 16:17:40,094 [DEBUG] PIL.PngImagePlugin: STREAM b'tEXt' 41 57
2023-04-04 16:17:40,094 [DEBUG] PIL.PngImagePlugin: STREAM b'pHYs' 110 9
2023-04-04 16:17:40,094 [DEBUG] PIL.PngImagePlugin: STREAM b'IDAT' 131 65536
2023-04-04 16:17:40,687 [INFO] bit_common: [step 24]: loss=2.82639 (lr=7.2e-04)
2023-04-04 16:17:40,704 [DEBUG] PIL.PngImagePlugin: STREAM b'IHDR' 16 13
2023-04-04 16:17:40,704 [DEBUG] PIL.PngImagePlugin: STREAM b'tEXt' 41 57
2023-04-04 16:17:40,704 [DEBUG] PIL.PngImagePlugin: STREAM b'pHYs' 110 9
2023-04-04 16:17:40,704 [DEBUG] PIL.PngImagePlugin: STREAM b'IDAT' 131 65536
2023-04-04 16:17:41,292 [INFO] bit_common: [step 25]: loss=5.57023 (lr=7.5e-04)
2023-04-04 16:17:41,896 [INFO] bit_common: [step 26]: loss=0.00116 (lr=7.8e-04)
2023-04-04 16:17:42,504 [INFO] bit_common: [step 27]: loss=0.00000 (lr=8.1e-04)
2023-04-04 16:17:43,090 [INFO] bit_common: [step 28]: loss=0.00000 (lr=8.4e-04)
2023-04-04 16:17:43,676 [INFO] bit_common: [step 29]: loss=0.00000 (lr=8.7e-04)
2023-04-04 16:17:44,271 [INFO] bit_common: [step 30]: loss=36.12944 (lr=9.0e-04)
2023-04-04 16:17:44,873 [INFO] bit_common: [step 31]: loss=26.13556 (lr=9.3e-04)
2023-04-04 16:17:45,473 [INFO] bit_common: [step 32]: loss=0.00052 (lr=9.6e-04)
2023-04-04 16:17:46,070 [INFO] bit_common: [step 33]: loss=17.60744 (lr=9.9e-04)
2023-04-04 16:17:46,670 [INFO] bit_common: [step 34]: loss=18.58509 (lr=1.0e-03)
2023-04-04 16:17:47,262 [INFO] bit_common: [step 35]: loss=11.87449 (lr=1.0e-03)
2023-04-04 16:17:47,868 [INFO] bit_common: [step 36]: loss=0.71194 (lr=1.1e-03)
2023-04-04 16:17:48,461 [INFO] bit_common: [step 37]: loss=12.39945 (lr=1.1e-03)
2023-04-04 16:17:49,061 [INFO] bit_common: [step 38]: loss=7.79908 (lr=1.1e-03)
2023-04-04 16:17:49,661 [INFO] bit_common: [step 39]: loss=7.00513 (lr=1.2e-03)
2023-04-04 16:17:50,268 [INFO] bit_common: [step 40]: loss=2.86614 (lr=1.2e-03)
2023-04-04 16:17:50,864 [INFO] bit_common: [step 41]: loss=0.00815 (lr=1.2e-03)
2023-04-04 16:17:51,068 [DEBUG] PIL.PngImagePlugin: STREAM b'IHDR' 16 13
2023-04-04 16:17:51,068 [DEBUG] PIL.PngImagePlugin: STREAM b'tEXt' 41 57
2023-04-04 16:17:51,068 [DEBUG] PIL.PngImagePlugin: STREAM b'pHYs' 110 9
2023-04-04 16:17:51,068 [DEBUG] PIL.PngImagePlugin: STREAM b'IDAT' 131 65536
2023-04-04 16:17:51,069 [DEBUG] PIL.PngImagePlugin: STREAM b'IHDR' 16 13
2023-04-04 16:17:51,069 [DEBUG] PIL.PngImagePlugin: STREAM b'tEXt' 41 57
2023-04-04 16:17:51,069 [DEBUG] PIL.PngImagePlugin: STREAM b'pHYs' 110 9
2023-04-04 16:17:51,069 [DEBUG] PIL.PngImagePlugin: STREAM b'IDAT' 131 65536
2023-04-04 16:17:51,069 [DEBUG] PIL.PngImagePlugin: STREAM b'IHDR' 16 13
2023-04-04 16:17:51,069 [DEBUG] PIL.PngImagePlugin: STREAM b'tEXt' 41 57
2023-04-04 16:17:51,069 [DEBUG] PIL.PngImagePlugin: STREAM b'pHYs' 110 9
2023-04-04 16:17:51,069 [DEBUG] PIL.PngImagePlugin: STREAM b'IDAT' 131 65536
2023-04-04 16:17:51,070 [DEBUG] PIL.PngImagePlugin: STREAM b'IHDR' 16 13
2023-04-04 16:17:51,070 [DEBUG] PIL.PngImagePlugin: STREAM b'tEXt' 41 57
2023-04-04 16:17:51,070 [DEBUG] PIL.PngImagePlugin: STREAM b'IHDR' 16 13
2023-04-04 16:17:51,070 [DEBUG] PIL.PngImagePlugin: STREAM b'pHYs' 110 9
2023-04-04 16:17:51,070 [DEBUG] PIL.PngImagePlugin: STREAM b'IHDR' 16 13
2023-04-04 16:17:51,070 [DEBUG] PIL.PngImagePlugin: STREAM b'IDAT' 131 65536
2023-04-04 16:17:51,070 [DEBUG] PIL.PngImagePlugin: STREAM b'tEXt' 41 57
2023-04-04 16:17:51,070 [DEBUG] PIL.PngImagePlugin: STREAM b'tEXt' 41 57
2023-04-04 16:17:51,070 [DEBUG] PIL.PngImagePlugin: STREAM b'pHYs' 110 9
2023-04-04 16:17:51,070 [DEBUG] PIL.PngImagePlugin: STREAM b'pHYs' 110 9
2023-04-04 16:17:51,070 [DEBUG] PIL.PngImagePlugin: STREAM b'IDAT' 131 65536
2023-04-04 16:17:51,070 [DEBUG] PIL.PngImagePlugin: STREAM b'IDAT' 131 65536
2023-04-04 16:17:51,085 [DEBUG] PIL.PngImagePlugin: STREAM b'IHDR' 16 13
2023-04-04 16:17:51,085 [DEBUG] PIL.PngImagePlugin: STREAM b'tEXt' 41 57
2023-04-04 16:17:51,085 [DEBUG] PIL.PngImagePlugin: STREAM b'pHYs' 110 9
2023-04-04 16:17:51,085 [DEBUG] PIL.PngImagePlugin: STREAM b'IDAT' 131 65536
2023-04-04 16:17:51,087 [DEBUG] PIL.PngImagePlugin: STREAM b'IHDR' 16 13
2023-04-04 16:17:51,087 [DEBUG] PIL.PngImagePlugin: STREAM b'tEXt' 41 57
2023-04-04 16:17:51,087 [DEBUG] PIL.PngImagePlugin: STREAM b'pHYs' 110 9
2023-04-04 16:17:51,087 [DEBUG] PIL.PngImagePlugin: STREAM b'IDAT' 131 65536
2023-04-04 16:17:51,088 [DEBUG] PIL.PngImagePlugin: STREAM b'IHDR' 16 13
2023-04-04 16:17:51,089 [DEBUG] PIL.PngImagePlugin: STREAM b'tEXt' 41 57
2023-04-04 16:17:51,089 [DEBUG] PIL.PngImagePlugin: STREAM b'pHYs' 110 9
2023-04-04 16:17:51,089 [DEBUG] PIL.PngImagePlugin: STREAM b'IDAT' 131 65536
2023-04-04 16:17:51,099 [DEBUG] PIL.PngImagePlugin: STREAM b'IHDR' 16 13
2023-04-04 16:17:51,099 [DEBUG] PIL.PngImagePlugin: STREAM b'tEXt' 41 57
2023-04-04 16:17:51,099 [DEBUG] PIL.PngImagePlugin: STREAM b'pHYs' 110 9
2023-04-04 16:17:51,099 [DEBUG] PIL.PngImagePlugin: STREAM b'IDAT' 131 65536
2023-04-04 16:17:51,099 [DEBUG] PIL.PngImagePlugin: STREAM b'IHDR' 16 13
2023-04-04 16:17:51,099 [DEBUG] PIL.PngImagePlugin: STREAM b'tEXt' 41 57
2023-04-04 16:17:51,099 [DEBUG] PIL.PngImagePlugin: STREAM b'pHYs' 110 9
2023-04-04 16:17:51,099 [DEBUG] PIL.PngImagePlugin: STREAM b'IDAT' 131 65536
2023-04-04 16:17:51,100 [DEBUG] PIL.PngImagePlugin: STREAM b'IHDR' 16 13
2023-04-04 16:17:51,100 [DEBUG] PIL.PngImagePlugin: STREAM b'tEXt' 41 57
2023-04-04 16:17:51,100 [DEBUG] PIL.PngImagePlugin: STREAM b'pHYs' 110 9
2023-04-04 16:17:51,100 [DEBUG] PIL.PngImagePlugin: STREAM b'IDAT' 131 65536
2023-04-04 16:17:51,101 [DEBUG] PIL.PngImagePlugin: STREAM b'IHDR' 16 13
2023-04-04 16:17:51,101 [DEBUG] PIL.PngImagePlugin: STREAM b'IHDR' 16 13
2023-04-04 16:17:51,102 [DEBUG] PIL.PngImagePlugin: STREAM b'tEXt' 41 57
2023-04-04 16:17:51,102 [DEBUG] PIL.PngImagePlugin: STREAM b'tEXt' 41 57
2023-04-04 16:17:51,102 [DEBUG] PIL.PngImagePlugin: STREAM b'pHYs' 110 9
2023-04-04 16:17:51,102 [DEBUG] PIL.PngImagePlugin: STREAM b'IDAT' 131 65536
2023-04-04 16:17:51,102 [DEBUG] PIL.PngImagePlugin: STREAM b'pHYs' 110 9
2023-04-04 16:17:51,102 [DEBUG] PIL.PngImagePlugin: STREAM b'IDAT' 131 65536
2023-04-04 16:17:51,104 [DEBUG] PIL.PngImagePlugin: STREAM b'IHDR' 16 13
2023-04-04 16:17:51,105 [DEBUG] PIL.PngImagePlugin: STREAM b'tEXt' 41 57
2023-04-04 16:17:51,105 [DEBUG] PIL.PngImagePlugin: STREAM b'pHYs' 110 9
2023-04-04 16:17:51,105 [DEBUG] PIL.PngImagePlugin: STREAM b'IDAT' 131 65536
2023-04-04 16:17:51,129 [DEBUG] PIL.PngImagePlugin: STREAM b'IHDR' 16 13
2023-04-04 16:17:51,129 [DEBUG] PIL.PngImagePlugin: STREAM b'tEXt' 41 57
2023-04-04 16:17:51,129 [DEBUG] PIL.PngImagePlugin: STREAM b'pHYs' 110 9
2023-04-04 16:17:51,129 [DEBUG] PIL.PngImagePlugin: STREAM b'IDAT' 131 65536
2023-04-04 16:17:51,130 [DEBUG] PIL.PngImagePlugin: STREAM b'IHDR' 16 13
2023-04-04 16:17:51,130 [DEBUG] PIL.PngImagePlugin: STREAM b'tEXt' 41 57
2023-04-04 16:17:51,130 [DEBUG] PIL.PngImagePlugin: STREAM b'pHYs' 110 9
2023-04-04 16:17:51,130 [DEBUG] PIL.PngImagePlugin: STREAM b'IDAT' 131 65536
2023-04-04 16:17:52,039 [INFO] bit_common: [step 42]: loss=3.06124 (lr=1.3e-03)
2023-04-04 16:17:52,132 [DEBUG] PIL.PngImagePlugin: STREAM b'IHDR' 16 13
2023-04-04 16:17:52,132 [DEBUG] PIL.PngImagePlugin: STREAM b'tEXt' 41 57
2023-04-04 16:17:52,133 [DEBUG] PIL.PngImagePlugin: STREAM b'pHYs' 110 9
2023-04-04 16:17:52,133 [DEBUG] PIL.PngImagePlugin: STREAM b'IDAT' 131 65536
2023-04-04 16:17:52,768 [INFO] bit_common: [step 43]: loss=1.26622 (lr=1.3e-03)
2023-04-04 16:17:52,791 [DEBUG] PIL.PngImagePlugin: STREAM b'IHDR' 16 13
2023-04-04 16:17:52,792 [DEBUG] PIL.PngImagePlugin: STREAM b'tEXt' 41 57
2023-04-04 16:17:52,792 [DEBUG] PIL.PngImagePlugin: STREAM b'pHYs' 110 9
2023-04-04 16:17:52,792 [DEBUG] PIL.PngImagePlugin: STREAM b'IDAT' 131 65536
2023-04-04 16:17:53,389 [INFO] bit_common: [step 44]: loss=0.00295 (lr=1.3e-03)
2023-04-04 16:17:53,413 [DEBUG] PIL.PngImagePlugin: STREAM b'IHDR' 16 13
2023-04-04 16:17:53,413 [DEBUG] PIL.PngImagePlugin: STREAM b'tEXt' 41 57
2023-04-04 16:17:53,413 [DEBUG] PIL.PngImagePlugin: STREAM b'pHYs' 110 9
2023-04-04 16:17:53,413 [DEBUG] PIL.PngImagePlugin: STREAM b'IDAT' 131 65536
2023-04-04 16:17:54,005 [INFO] bit_common: [step 45]: loss=2.91943 (lr=1.4e-03)
2023-04-04 16:17:54,022 [DEBUG] PIL.PngImagePlugin: STREAM b'IHDR' 16 13
2023-04-04 16:17:54,022 [DEBUG] PIL.PngImagePlugin: STREAM b'tEXt' 41 57
2023-04-04 16:17:54,022 [DEBUG] PIL.PngImagePlugin: STREAM b'pHYs' 110 9
2023-04-04 16:17:54,023 [DEBUG] PIL.PngImagePlugin: STREAM b'IDAT' 131 65536
2023-04-04 16:17:54,613 [INFO] bit_common: [step 46]: loss=13.15410 (lr=1.4e-03)
2023-04-04 16:17:55,212 [INFO] bit_common: [step 47]: loss=11.81466 (lr=1.4e-03)
2023-04-04 16:17:55,815 [INFO] bit_common: [step 48]: loss=3.28510 (lr=1.4e-03)
2023-04-04 16:17:56,410 [INFO] bit_common: [step 49]: loss=5.73859 (lr=1.5e-03)
2023-04-04 16:17:57,015 [INFO] bit_common: [step 50]: loss=0.00000 (lr=1.5e-03)
2023-04-04 16:17:57,625 [INFO] bit_common: [step 51]: loss=3.69376 (lr=1.5e-03)
2023-04-04 16:17:58,325 [INFO] bit_common: [step 52]: loss=0.22352 (lr=1.6e-03)
2023-04-04 16:17:58,963 [INFO] bit_common: [step 53]: loss=0.68606 (lr=1.6e-03)
2023-04-04 16:17:59,575 [INFO] bit_common: [step 54]: loss=0.21184 (lr=1.6e-03)
2023-04-04 16:18:00,324 [INFO] bit_common: [step 55]: loss=3.24837 (lr=1.6e-03)
2023-04-04 16:18:00,999 [INFO] bit_common: [step 56]: loss=2.77309 (lr=1.7e-03)
2023-04-04 16:18:01,620 [INFO] bit_common: [step 57]: loss=0.85065 (lr=1.7e-03)
2023-04-04 16:18:02,225 [INFO] bit_common: [step 58]: loss=2.57744 (lr=1.7e-03)
2023-04-04 16:18:02,822 [INFO] bit_common: [step 59]: loss=0.52475 (lr=1.8e-03)
2023-04-04 16:18:03,429 [INFO] bit_common: [step 60]: loss=0.01178 (lr=1.8e-03)
2023-04-04 16:18:04,043 [INFO] bit_common: [step 61]: loss=4.99681 (lr=1.8e-03)
2023-04-04 16:18:04,652 [INFO] bit_common: [step 62]: loss=0.00058 (lr=1.9e-03)
2023-04-04 16:18:04,847 [DEBUG] PIL.PngImagePlugin: STREAM b'IHDR' 16 13
2023-04-04 16:18:04,847 [DEBUG] PIL.PngImagePlugin: STREAM b'tEXt' 41 57
2023-04-04 16:18:04,847 [DEBUG] PIL.PngImagePlugin: STREAM b'pHYs' 110 9
2023-04-04 16:18:04,847 [DEBUG] PIL.PngImagePlugin: STREAM b'IDAT' 131 65536
2023-04-04 16:18:04,848 [DEBUG] PIL.PngImagePlugin: STREAM b'IHDR' 16 13
2023-04-04 16:18:04,848 [DEBUG] PIL.PngImagePlugin: STREAM b'tEXt' 41 57
2023-04-04 16:18:04,848 [DEBUG] PIL.PngImagePlugin: STREAM b'pHYs' 110 9
2023-04-04 16:18:04,848 [DEBUG] PIL.PngImagePlugin: STREAM b'IDAT' 131 65536
2023-04-04 16:18:04,848 [DEBUG] PIL.PngImagePlugin: STREAM b'IHDR' 16 13
2023-04-04 16:18:04,848 [DEBUG] PIL.PngImagePlugin: STREAM b'tEXt' 41 57
2023-04-04 16:18:04,848 [DEBUG] PIL.PngImagePlugin: STREAM b'pHYs' 110 9
2023-04-04 16:18:04,848 [DEBUG] PIL.PngImagePlugin: STREAM b'IDAT' 131 65536
2023-04-04 16:18:04,850 [DEBUG] PIL.PngImagePlugin: STREAM b'IHDR' 16 13
2023-04-04 16:18:04,850 [DEBUG] PIL.PngImagePlugin: STREAM b'IHDR' 16 13
2023-04-04 16:18:04,850 [DEBUG] PIL.PngImagePlugin: STREAM b'tEXt' 41 57
2023-04-04 16:18:04,850 [DEBUG] PIL.PngImagePlugin: STREAM b'pHYs' 110 9
2023-04-04 16:18:04,850 [DEBUG] PIL.PngImagePlugin: STREAM b'tEXt' 41 57
2023-04-04 16:18:04,850 [DEBUG] PIL.PngImagePlugin: STREAM b'IDAT' 131 65536
2023-04-04 16:18:04,850 [DEBUG] PIL.PngImagePlugin: STREAM b'pHYs' 110 9
2023-04-04 16:18:04,850 [DEBUG] PIL.PngImagePlugin: STREAM b'IDAT' 131 65536
2023-04-04 16:18:04,850 [DEBUG] PIL.PngImagePlugin: STREAM b'IHDR' 16 13
2023-04-04 16:18:04,850 [DEBUG] PIL.PngImagePlugin: STREAM b'tEXt' 41 57
2023-04-04 16:18:04,850 [DEBUG] PIL.PngImagePlugin: STREAM b'IHDR' 16 13
2023-04-04 16:18:04,850 [DEBUG] PIL.PngImagePlugin: STREAM b'pHYs' 110 9
2023-04-04 16:18:04,850 [DEBUG] PIL.PngImagePlugin: STREAM b'IDAT' 131 65536
2023-04-04 16:18:04,850 [DEBUG] PIL.PngImagePlugin: STREAM b'tEXt' 41 57
2023-04-04 16:18:04,850 [DEBUG] PIL.PngImagePlugin: STREAM b'pHYs' 110 9
2023-04-04 16:18:04,850 [DEBUG] PIL.PngImagePlugin: STREAM b'IDAT' 131 65536
2023-04-04 16:18:04,851 [DEBUG] PIL.PngImagePlugin: STREAM b'IHDR' 16 13
2023-04-04 16:18:04,851 [DEBUG] PIL.PngImagePlugin: STREAM b'tEXt' 41 57
2023-04-04 16:18:04,851 [DEBUG] PIL.PngImagePlugin: STREAM b'pHYs' 110 9
2023-04-04 16:18:04,851 [DEBUG] PIL.PngImagePlugin: STREAM b'IDAT' 131 65536
2023-04-04 16:18:04,865 [DEBUG] PIL.PngImagePlugin: STREAM b'IHDR' 16 13
2023-04-04 16:18:04,865 [DEBUG] PIL.PngImagePlugin: STREAM b'tEXt' 41 57
2023-04-04 16:18:04,865 [DEBUG] PIL.PngImagePlugin: STREAM b'pHYs' 110 9
2023-04-04 16:18:04,865 [DEBUG] PIL.PngImagePlugin: STREAM b'IDAT' 131 65536
2023-04-04 16:18:04,879 [DEBUG] PIL.PngImagePlugin: STREAM b'IHDR' 16 13
2023-04-04 16:18:04,879 [DEBUG] PIL.PngImagePlugin: STREAM b'tEXt' 41 57
2023-04-04 16:18:04,879 [DEBUG] PIL.PngImagePlugin: STREAM b'pHYs' 110 9
2023-04-04 16:18:04,879 [DEBUG] PIL.PngImagePlugin: STREAM b'IDAT' 131 65536
2023-04-04 16:18:04,879 [DEBUG] PIL.PngImagePlugin: STREAM b'IHDR' 16 13
2023-04-04 16:18:04,880 [DEBUG] PIL.PngImagePlugin: STREAM b'tEXt' 41 57
2023-04-04 16:18:04,880 [DEBUG] PIL.PngImagePlugin: STREAM b'pHYs' 110 9
2023-04-04 16:18:04,880 [DEBUG] PIL.PngImagePlugin: STREAM b'IDAT' 131 65536
2023-04-04 16:18:04,881 [DEBUG] PIL.PngImagePlugin: STREAM b'IHDR' 16 13
2023-04-04 16:18:04,882 [DEBUG] PIL.PngImagePlugin: STREAM b'tEXt' 41 57
2023-04-04 16:18:04,882 [DEBUG] PIL.PngImagePlugin: STREAM b'pHYs' 110 9
2023-04-04 16:18:04,882 [DEBUG] PIL.PngImagePlugin: STREAM b'IDAT' 131 65536
2023-04-04 16:18:04,883 [DEBUG] PIL.PngImagePlugin: STREAM b'IHDR' 16 13
2023-04-04 16:18:04,883 [DEBUG] PIL.PngImagePlugin: STREAM b'IHDR' 16 13
2023-04-04 16:18:04,883 [DEBUG] PIL.PngImagePlugin: STREAM b'tEXt' 41 57
2023-04-04 16:18:04,883 [DEBUG] PIL.PngImagePlugin: STREAM b'tEXt' 41 57
2023-04-04 16:18:04,883 [DEBUG] PIL.PngImagePlugin: STREAM b'pHYs' 110 9
2023-04-04 16:18:04,883 [DEBUG] PIL.PngImagePlugin: STREAM b'pHYs' 110 9
2023-04-04 16:18:04,883 [DEBUG] PIL.PngImagePlugin: STREAM b'IDAT' 131 65536
2023-04-04 16:18:04,883 [DEBUG] PIL.PngImagePlugin: STREAM b'IHDR' 16 13
2023-04-04 16:18:04,883 [DEBUG] PIL.PngImagePlugin: STREAM b'IDAT' 131 65536
2023-04-04 16:18:04,883 [DEBUG] PIL.PngImagePlugin: STREAM b'tEXt' 41 57
2023-04-04 16:18:04,884 [DEBUG] PIL.PngImagePlugin: STREAM b'pHYs' 110 9
2023-04-04 16:18:04,884 [DEBUG] PIL.PngImagePlugin: STREAM b'IDAT' 131 65536
2023-04-04 16:18:04,884 [DEBUG] PIL.PngImagePlugin: STREAM b'IHDR' 16 13
2023-04-04 16:18:04,885 [DEBUG] PIL.PngImagePlugin: STREAM b'tEXt' 41 57
2023-04-04 16:18:04,885 [DEBUG] PIL.PngImagePlugin: STREAM b'pHYs' 110 9
2023-04-04 16:18:04,885 [DEBUG] PIL.PngImagePlugin: STREAM b'IDAT' 131 65536
2023-04-04 16:18:04,886 [DEBUG] PIL.PngImagePlugin: STREAM b'IHDR' 16 13
2023-04-04 16:18:04,886 [DEBUG] PIL.PngImagePlugin: STREAM b'tEXt' 41 57
2023-04-04 16:18:04,886 [DEBUG] PIL.PngImagePlugin: STREAM b'pHYs' 110 9
2023-04-04 16:18:04,886 [DEBUG] PIL.PngImagePlugin: STREAM b'IDAT' 131 65536
2023-04-04 16:18:05,884 [INFO] bit_common: [step 63]: loss=4.12677 (lr=1.9e-03)
2023-04-04 16:18:05,978 [DEBUG] PIL.PngImagePlugin: STREAM b'IHDR' 16 13
2023-04-04 16:18:05,978 [DEBUG] PIL.PngImagePlugin: STREAM b'tEXt' 41 57
2023-04-04 16:18:05,978 [DEBUG] PIL.PngImagePlugin: STREAM b'pHYs' 110 9
2023-04-04 16:18:05,978 [DEBUG] PIL.PngImagePlugin: STREAM b'IDAT' 131 65536
2023-04-04 16:18:06,584 [INFO] bit_common: [step 64]: loss=0.00016 (lr=1.9e-03)
2023-04-04 16:18:06,601 [DEBUG] PIL.PngImagePlugin: STREAM b'IHDR' 16 13
2023-04-04 16:18:06,601 [DEBUG] PIL.PngImagePlugin: STREAM b'tEXt' 41 57
2023-04-04 16:18:06,601 [DEBUG] PIL.PngImagePlugin: STREAM b'pHYs' 110 9
2023-04-04 16:18:06,601 [DEBUG] PIL.PngImagePlugin: STREAM b'IDAT' 131 65536
2023-04-04 16:18:07,197 [INFO] bit_common: [step 65]: loss=2.13368 (lr=2.0e-03)
2023-04-04 16:18:07,215 [DEBUG] PIL.PngImagePlugin: STREAM b'IHDR' 16 13
2023-04-04 16:18:07,216 [DEBUG] PIL.PngImagePlugin: STREAM b'tEXt' 41 57
2023-04-04 16:18:07,216 [DEBUG] PIL.PngImagePlugin: STREAM b'pHYs' 110 9
2023-04-04 16:18:07,216 [DEBUG] PIL.PngImagePlugin: STREAM b'IDAT' 131 65536
2023-04-04 16:18:07,778 [INFO] bit_common: [step 66]: loss=0.71785 (lr=2.0e-03)
2023-04-04 16:18:07,794 [DEBUG] PIL.PngImagePlugin: STREAM b'IHDR' 16 13
2023-04-04 16:18:07,794 [DEBUG] PIL.PngImagePlugin: STREAM b'tEXt' 41 57
2023-04-04 16:18:07,794 [DEBUG] PIL.PngImagePlugin: STREAM b'pHYs' 110 9
2023-04-04 16:18:07,794 [DEBUG] PIL.PngImagePlugin: STREAM b'IDAT' 131 65536
2023-04-04 16:18:08,354 [INFO] bit_common: [step 67]: loss=0.49876 (lr=2.0e-03)
2023-04-04 16:18:08,916 [INFO] bit_common: [step 68]: loss=0.00001 (lr=2.0e-03)
2023-04-04 16:18:09,502 [INFO] bit_common: [step 69]: loss=2.33007 (lr=2.1e-03)
2023-04-04 16:18:10,085 [INFO] bit_common: [step 70]: loss=2.10245 (lr=2.1e-03)
2023-04-04 16:18:10,658 [INFO] bit_common: [step 71]: loss=1.05223 (lr=2.1e-03)
2023-04-04 16:18:11,249 [INFO] bit_common: [step 72]: loss=0.84074 (lr=2.2e-03)
2023-04-04 16:18:11,852 [INFO] bit_common: [step 73]: loss=0.54034 (lr=2.2e-03)
2023-04-04 16:18:12,440 [INFO] bit_common: [step 74]: loss=0.48730 (lr=2.2e-03)
2023-04-04 16:18:13,023 [INFO] bit_common: [step 75]: loss=1.08041 (lr=2.3e-03)
2023-04-04 16:18:13,614 [INFO] bit_common: [step 76]: loss=0.70779 (lr=2.3e-03)
2023-04-04 16:18:14,271 [INFO] bit_common: [step 77]: loss=0.00117 (lr=2.3e-03)
2023-04-04 16:18:14,899 [INFO] bit_common: [step 78]: loss=0.00303 (lr=2.3e-03)
2023-04-04 16:18:14,980 [INFO] bit_common: Running validation...
2023-04-04 16:18:15,109 [DEBUG] PIL.PngImagePlugin: STREAM b'IHDR' 16 13
2023-04-04 16:18:15,109 [DEBUG] PIL.PngImagePlugin: STREAM b'tEXt' 41 57
2023-04-04 16:18:15,109 [DEBUG] PIL.PngImagePlugin: STREAM b'pHYs' 110 9
2023-04-04 16:18:15,110 [DEBUG] PIL.PngImagePlugin: STREAM b'IDAT' 131 65536
2023-04-04 16:18:15,110 [DEBUG] PIL.PngImagePlugin: STREAM b'IHDR' 16 13
2023-04-04 16:18:15,110 [DEBUG] PIL.PngImagePlugin: STREAM b'IHDR' 16 13
2023-04-04 16:18:15,110 [DEBUG] PIL.PngImagePlugin: STREAM b'tEXt' 41 57
2023-04-04 16:18:15,110 [DEBUG] PIL.PngImagePlugin: STREAM b'tEXt' 41 57
2023-04-04 16:18:15,110 [DEBUG] PIL.PngImagePlugin: STREAM b'pHYs' 110 9
2023-04-04 16:18:15,110 [DEBUG] PIL.PngImagePlugin: STREAM b'pHYs' 110 9
2023-04-04 16:18:15,110 [DEBUG] PIL.PngImagePlugin: STREAM b'IDAT' 131 65536
2023-04-04 16:18:15,110 [DEBUG] PIL.PngImagePlugin: STREAM b'IDAT' 131 65536
2023-04-04 16:18:15,110 [DEBUG] PIL.PngImagePlugin: STREAM b'IHDR' 16 13
2023-04-04 16:18:15,110 [DEBUG] PIL.PngImagePlugin: STREAM b'IHDR' 16 13
2023-04-04 16:18:15,110 [DEBUG] PIL.PngImagePlugin: STREAM b'IHDR' 16 13
2023-04-04 16:18:15,110 [DEBUG] PIL.PngImagePlugin: STREAM b'IHDR' 16 13
2023-04-04 16:18:15,111 [DEBUG] PIL.PngImagePlugin: STREAM b'tEXt' 41 57
2023-04-04 16:18:15,111 [DEBUG] PIL.PngImagePlugin: STREAM b'tEXt' 41 57
2023-04-04 16:18:15,111 [DEBUG] PIL.PngImagePlugin: STREAM b'tEXt' 41 57
2023-04-04 16:18:15,111 [DEBUG] PIL.PngImagePlugin: STREAM b'tEXt' 41 57
2023-04-04 16:18:15,111 [DEBUG] PIL.PngImagePlugin: STREAM b'pHYs' 110 9
2023-04-04 16:18:15,111 [DEBUG] PIL.PngImagePlugin: STREAM b'pHYs' 110 9
2023-04-04 16:18:15,111 [DEBUG] PIL.PngImagePlugin: STREAM b'pHYs' 110 9
2023-04-04 16:18:15,111 [DEBUG] PIL.PngImagePlugin: STREAM b'pHYs' 110 9
2023-04-04 16:18:15,111 [DEBUG] PIL.PngImagePlugin: STREAM b'IDAT' 131 65536
2023-04-04 16:18:15,111 [DEBUG] PIL.PngImagePlugin: STREAM b'IDAT' 131 65536
2023-04-04 16:18:15,111 [DEBUG] PIL.PngImagePlugin: STREAM b'IDAT' 131 65536
2023-04-04 16:18:15,111 [DEBUG] PIL.PngImagePlugin: STREAM b'IDAT' 131 65536
2023-04-04 16:18:15,112 [DEBUG] PIL.PngImagePlugin: STREAM b'IHDR' 16 13
2023-04-04 16:18:15,112 [DEBUG] PIL.PngImagePlugin: STREAM b'tEXt' 41 57
2023-04-04 16:18:15,112 [DEBUG] PIL.PngImagePlugin: STREAM b'pHYs' 110 9
2023-04-04 16:18:15,112 [DEBUG] PIL.PngImagePlugin: STREAM b'IDAT' 131 65536
2023-04-04 16:18:15,131 [DEBUG] PIL.PngImagePlugin: STREAM b'IHDR' 16 13
2023-04-04 16:18:15,131 [DEBUG] PIL.PngImagePlugin: STREAM b'tEXt' 41 57
2023-04-04 16:18:15,131 [DEBUG] PIL.PngImagePlugin: STREAM b'pHYs' 110 9
2023-04-04 16:18:15,131 [DEBUG] PIL.PngImagePlugin: STREAM b'IDAT' 131 65536
2023-04-04 16:18:15,135 [DEBUG] PIL.PngImagePlugin: STREAM b'IHDR' 16 13
2023-04-04 16:18:15,135 [DEBUG] PIL.PngImagePlugin: STREAM b'IHDR' 16 13
2023-04-04 16:18:15,135 [DEBUG] PIL.PngImagePlugin: STREAM b'tEXt' 41 57
2023-04-04 16:18:15,135 [DEBUG] PIL.PngImagePlugin: STREAM b'tEXt' 41 57
2023-04-04 16:18:15,136 [DEBUG] PIL.PngImagePlugin: STREAM b'pHYs' 110 9
2023-04-04 16:18:15,136 [DEBUG] PIL.PngImagePlugin: STREAM b'pHYs' 110 9
2023-04-04 16:18:15,136 [DEBUG] PIL.PngImagePlugin: STREAM b'IDAT' 131 65536
2023-04-04 16:18:15,136 [DEBUG] PIL.PngImagePlugin: STREAM b'IDAT' 131 65536
2023-04-04 16:18:15,141 [DEBUG] PIL.PngImagePlugin: STREAM b'IHDR' 16 13
2023-04-04 16:18:15,141 [DEBUG] PIL.PngImagePlugin: STREAM b'tEXt' 41 57
2023-04-04 16:18:15,141 [DEBUG] PIL.PngImagePlugin: STREAM b'pHYs' 110 9
2023-04-04 16:18:15,142 [DEBUG] PIL.PngImagePlugin: STREAM b'IDAT' 131 65536
2023-04-04 16:18:15,143 [DEBUG] PIL.PngImagePlugin: STREAM b'IHDR' 16 13
2023-04-04 16:18:15,143 [DEBUG] PIL.PngImagePlugin: STREAM b'tEXt' 41 57
2023-04-04 16:18:15,143 [DEBUG] PIL.PngImagePlugin: STREAM b'pHYs' 110 9
2023-04-04 16:18:15,143 [DEBUG] PIL.PngImagePlugin: STREAM b'IDAT' 131 65536
2023-04-04 16:18:15,145 [DEBUG] PIL.PngImagePlugin: STREAM b'IHDR' 16 13
2023-04-04 16:18:15,145 [DEBUG] PIL.PngImagePlugin: STREAM b'tEXt' 41 57
2023-04-04 16:18:15,145 [DEBUG] PIL.PngImagePlugin: STREAM b'pHYs' 110 9
2023-04-04 16:18:15,145 [DEBUG] PIL.PngImagePlugin: STREAM b'IDAT' 131 65536
2023-04-04 16:18:15,148 [DEBUG] PIL.PngImagePlugin: STREAM b'IHDR' 16 13
2023-04-04 16:18:15,148 [DEBUG] PIL.PngImagePlugin: STREAM b'tEXt' 41 57
2023-04-04 16:18:15,149 [DEBUG] PIL.PngImagePlugin: STREAM b'pHYs' 110 9
2023-04-04 16:18:15,149 [DEBUG] PIL.PngImagePlugin: STREAM b'IDAT' 131 65536
2023-04-04 16:18:15,150 [DEBUG] PIL.PngImagePlugin: STREAM b'IHDR' 16 13
2023-04-04 16:18:15,151 [DEBUG] PIL.PngImagePlugin: STREAM b'tEXt' 41 57
2023-04-04 16:18:15,151 [DEBUG] PIL.PngImagePlugin: STREAM b'pHYs' 110 9
2023-04-04 16:18:15,151 [DEBUG] PIL.PngImagePlugin: STREAM b'IDAT' 131 65536
2023-04-04 16:18:15,187 [DEBUG] PIL.PngImagePlugin: STREAM b'IHDR' 16 13
2023-04-04 16:18:15,187 [DEBUG] PIL.PngImagePlugin: STREAM b'tEXt' 41 57
2023-04-04 16:18:15,187 [DEBUG] PIL.PngImagePlugin: STREAM b'pHYs' 110 9
2023-04-04 16:18:15,187 [DEBUG] PIL.PngImagePlugin: STREAM b'IDAT' 131 65536
2023-04-04 16:19:37,044 [INFO] bit_common: Namespace(base_lr=0.003, batch=1, batch_split=1, bit_pretrained_dir='.', datadir='../datasets/test', dataset='cerrion', eval_every=None, examples_per_class=None, examples_per_class_seed=0, logdir='./bit_logs/', model='BiT-M-R50x1', name='first_experiment', save=True, workers=8)
2023-04-04 16:19:37,045 [INFO] bit_common: Going to train on cpu
2023-04-04 16:19:37,045 [INFO] bit_common: Using a training set with 21 images.
2023-04-04 16:19:37,045 [INFO] bit_common: Using a validation set with 21 images.
2023-04-04 16:19:37,045 [INFO] bit_common: Loading model from BiT-M-R50x1.npz
2023-04-04 16:19:37,260 [INFO] bit_common: Moving model onto all GPUs
2023-04-04 16:19:37,261 [INFO] bit_common: Model will be saved in './bit_logs/first_experiment/bit.pth.tar'
2023-04-04 16:19:37,261 [INFO] bit_common: Fine-tuning from BiT
2023-04-04 16:19:37,263 [INFO] bit_common: Starting training!
2023-04-04 16:19:37,291 [DEBUG] PIL.PngImagePlugin: STREAM b'IHDR' 16 13
2023-04-04 16:19:37,291 [DEBUG] PIL.PngImagePlugin: STREAM b'tEXt' 41 57
2023-04-04 16:19:37,291 [DEBUG] PIL.PngImagePlugin: STREAM b'pHYs' 110 9
2023-04-04 16:19:37,291 [DEBUG] PIL.PngImagePlugin: STREAM b'IDAT' 131 65536
2023-04-04 16:19:37,291 [DEBUG] PIL.PngImagePlugin: STREAM b'IHDR' 16 13
2023-04-04 16:19:37,291 [DEBUG] PIL.PngImagePlugin: STREAM b'IHDR' 16 13
2023-04-04 16:19:37,291 [DEBUG] PIL.PngImagePlugin: STREAM b'tEXt' 41 57
2023-04-04 16:19:37,291 [DEBUG] PIL.PngImagePlugin: STREAM b'tEXt' 41 57
2023-04-04 16:19:37,291 [DEBUG] PIL.PngImagePlugin: STREAM b'IHDR' 16 13
2023-04-04 16:19:37,291 [DEBUG] PIL.PngImagePlugin: STREAM b'pHYs' 110 9
2023-04-04 16:19:37,291 [DEBUG] PIL.PngImagePlugin: STREAM b'pHYs' 110 9
2023-04-04 16:19:37,291 [DEBUG] PIL.PngImagePlugin: STREAM b'IHDR' 16 13
2023-04-04 16:19:37,291 [DEBUG] PIL.PngImagePlugin: STREAM b'IDAT' 131 65536
2023-04-04 16:19:37,291 [DEBUG] PIL.PngImagePlugin: STREAM b'IDAT' 131 65536
2023-04-04 16:19:37,291 [DEBUG] PIL.PngImagePlugin: STREAM b'tEXt' 41 57
2023-04-04 16:19:37,291 [DEBUG] PIL.PngImagePlugin: STREAM b'pHYs' 110 9
2023-04-04 16:19:37,291 [DEBUG] PIL.PngImagePlugin: STREAM b'tEXt' 41 57
2023-04-04 16:19:37,291 [DEBUG] PIL.PngImagePlugin: STREAM b'IDAT' 131 65536
2023-04-04 16:19:37,291 [DEBUG] PIL.PngImagePlugin: STREAM b'pHYs' 110 9
2023-04-04 16:19:37,292 [DEBUG] PIL.PngImagePlugin: STREAM b'IDAT' 131 65536
2023-04-04 16:19:37,292 [DEBUG] PIL.PngImagePlugin: STREAM b'IHDR' 16 13
2023-04-04 16:19:37,292 [DEBUG] PIL.PngImagePlugin: STREAM b'tEXt' 41 57
2023-04-04 16:19:37,292 [DEBUG] PIL.PngImagePlugin: STREAM b'pHYs' 110 9
2023-04-04 16:19:37,292 [DEBUG] PIL.PngImagePlugin: STREAM b'IDAT' 131 65536
2023-04-04 16:19:37,292 [DEBUG] PIL.PngImagePlugin: STREAM b'IHDR' 16 13
2023-04-04 16:19:37,293 [DEBUG] PIL.PngImagePlugin: STREAM b'tEXt' 41 57
2023-04-04 16:19:37,293 [DEBUG] PIL.PngImagePlugin: STREAM b'pHYs' 110 9
2023-04-04 16:19:37,293 [DEBUG] PIL.PngImagePlugin: STREAM b'IDAT' 131 65536
2023-04-04 16:19:37,293 [DEBUG] PIL.PngImagePlugin: STREAM b'IHDR' 16 13
2023-04-04 16:19:37,293 [DEBUG] PIL.PngImagePlugin: STREAM b'tEXt' 41 57
2023-04-04 16:19:37,293 [DEBUG] PIL.PngImagePlugin: STREAM b'pHYs' 110 9
2023-04-04 16:19:37,293 [DEBUG] PIL.PngImagePlugin: STREAM b'IDAT' 131 65536
2023-04-04 16:19:37,308 [DEBUG] PIL.PngImagePlugin: STREAM b'IHDR' 16 13
2023-04-04 16:19:37,309 [DEBUG] PIL.PngImagePlugin: STREAM b'tEXt' 41 57
2023-04-04 16:19:37,309 [DEBUG] PIL.PngImagePlugin: STREAM b'pHYs' 110 9
2023-04-04 16:19:37,309 [DEBUG] PIL.PngImagePlugin: STREAM b'IHDR' 16 13
2023-04-04 16:19:37,309 [DEBUG] PIL.PngImagePlugin: STREAM b'IDAT' 131 65536
2023-04-04 16:19:37,309 [DEBUG] PIL.PngImagePlugin: STREAM b'tEXt' 41 57
2023-04-04 16:19:37,309 [DEBUG] PIL.PngImagePlugin: STREAM b'pHYs' 110 9
2023-04-04 16:19:37,309 [DEBUG] PIL.PngImagePlugin: STREAM b'IDAT' 131 65536
2023-04-04 16:19:37,309 [DEBUG] PIL.PngImagePlugin: STREAM b'IHDR' 16 13
2023-04-04 16:19:37,309 [DEBUG] PIL.PngImagePlugin: STREAM b'IHDR' 16 13
2023-04-04 16:19:37,309 [DEBUG] PIL.PngImagePlugin: STREAM b'tEXt' 41 57
2023-04-04 16:19:37,309 [DEBUG] PIL.PngImagePlugin: STREAM b'tEXt' 41 57
2023-04-04 16:19:37,309 [DEBUG] PIL.PngImagePlugin: STREAM b'pHYs' 110 9
2023-04-04 16:19:37,309 [DEBUG] PIL.PngImagePlugin: STREAM b'IDAT' 131 65536
2023-04-04 16:19:37,309 [DEBUG] PIL.PngImagePlugin: STREAM b'pHYs' 110 9
2023-04-04 16:19:37,309 [DEBUG] PIL.PngImagePlugin: STREAM b'IDAT' 131 65536
2023-04-04 16:19:37,318 [DEBUG] PIL.PngImagePlugin: STREAM b'IHDR' 16 13
2023-04-04 16:19:37,318 [DEBUG] PIL.PngImagePlugin: STREAM b'tEXt' 41 57
2023-04-04 16:19:37,318 [DEBUG] PIL.PngImagePlugin: STREAM b'pHYs' 110 9
2023-04-04 16:19:37,318 [DEBUG] PIL.PngImagePlugin: STREAM b'IDAT' 131 65536
2023-04-04 16:19:37,320 [DEBUG] PIL.PngImagePlugin: STREAM b'IHDR' 16 13
2023-04-04 16:19:37,320 [DEBUG] PIL.PngImagePlugin: STREAM b'IHDR' 16 13
2023-04-04 16:19:37,320 [DEBUG] PIL.PngImagePlugin: STREAM b'tEXt' 41 57
2023-04-04 16:19:37,320 [DEBUG] PIL.PngImagePlugin: STREAM b'tEXt' 41 57
2023-04-04 16:19:37,320 [DEBUG] PIL.PngImagePlugin: STREAM b'pHYs' 110 9
2023-04-04 16:19:37,320 [DEBUG] PIL.PngImagePlugin: STREAM b'pHYs' 110 9
2023-04-04 16:19:37,320 [DEBUG] PIL.PngImagePlugin: STREAM b'IDAT' 131 65536
2023-04-04 16:19:37,320 [DEBUG] PIL.PngImagePlugin: STREAM b'IDAT' 131 65536
2023-04-04 16:19:37,343 [DEBUG] PIL.PngImagePlugin: STREAM b'IHDR' 16 13
2023-04-04 16:19:37,343 [DEBUG] PIL.PngImagePlugin: STREAM b'tEXt' 41 57
2023-04-04 16:19:37,343 [DEBUG] PIL.PngImagePlugin: STREAM b'pHYs' 110 9
2023-04-04 16:19:37,343 [DEBUG] PIL.PngImagePlugin: STREAM b'IDAT' 131 65536
2023-04-04 16:19:37,348 [DEBUG] PIL.PngImagePlugin: STREAM b'IHDR' 16 13
2023-04-04 16:19:37,348 [DEBUG] PIL.PngImagePlugin: STREAM b'tEXt' 41 57
2023-04-04 16:19:37,349 [DEBUG] PIL.PngImagePlugin: STREAM b'pHYs' 110 9
2023-04-04 16:19:37,349 [DEBUG] PIL.PngImagePlugin: STREAM b'IDAT' 131 65536
2023-04-04 16:19:37,886 [INFO] bit_common: [step 0]: loss=1.09861 (lr=0.0e+00)
2023-04-04 16:19:37,935 [DEBUG] PIL.PngImagePlugin: STREAM b'IHDR' 16 13
2023-04-04 16:19:37,935 [DEBUG] PIL.PngImagePlugin: STREAM b'tEXt' 41 57
2023-04-04 16:19:37,935 [DEBUG] PIL.PngImagePlugin: STREAM b'pHYs' 110 9
2023-04-04 16:19:37,935 [DEBUG] PIL.PngImagePlugin: STREAM b'IDAT' 131 65536
2023-04-04 16:19:38,433 [INFO] bit_common: [step 1]: loss=1.09861 (lr=3.0e-05)
2023-04-04 16:19:38,452 [DEBUG] PIL.PngImagePlugin: STREAM b'IHDR' 16 13
2023-04-04 16:19:38,452 [DEBUG] PIL.PngImagePlugin: STREAM b'tEXt' 41 57
2023-04-04 16:19:38,452 [DEBUG] PIL.PngImagePlugin: STREAM b'pHYs' 110 9
2023-04-04 16:19:38,452 [DEBUG] PIL.PngImagePlugin: STREAM b'IDAT' 131 65536
2023-04-04 16:19:38,936 [INFO] bit_common: [step 2]: loss=1.24034 (lr=6.0e-05)
2023-04-04 16:19:38,951 [DEBUG] PIL.PngImagePlugin: STREAM b'IHDR' 16 13
2023-04-04 16:19:38,951 [DEBUG] PIL.PngImagePlugin: STREAM b'tEXt' 41 57
2023-04-04 16:19:38,951 [DEBUG] PIL.PngImagePlugin: STREAM b'pHYs' 110 9
2023-04-04 16:19:38,951 [DEBUG] PIL.PngImagePlugin: STREAM b'IDAT' 131 65536
2023-04-04 16:19:39,447 [INFO] bit_common: [step 3]: loss=1.82184 (lr=9.0e-05)
2023-04-04 16:19:39,468 [DEBUG] PIL.PngImagePlugin: STREAM b'IHDR' 16 13
2023-04-04 16:19:39,468 [DEBUG] PIL.PngImagePlugin: STREAM b'tEXt' 41 57
2023-04-04 16:19:39,468 [DEBUG] PIL.PngImagePlugin: STREAM b'pHYs' 110 9
2023-04-04 16:19:39,468 [DEBUG] PIL.PngImagePlugin: STREAM b'IDAT' 131 65536
2023-04-04 16:19:39,960 [INFO] bit_common: [step 4]: loss=1.79102 (lr=1.2e-04)
2023-04-04 16:19:40,464 [INFO] bit_common: [step 5]: loss=0.63234 (lr=1.5e-04)
2023-04-04 16:19:40,968 [INFO] bit_common: [step 6]: loss=0.21414 (lr=1.8e-04)
2023-04-04 16:19:41,471 [INFO] bit_common: [step 7]: loss=4.30195 (lr=2.1e-04)
2023-04-04 16:19:41,976 [INFO] bit_common: [step 8]: loss=0.02441 (lr=2.4e-04)
2023-04-04 16:19:42,487 [INFO] bit_common: [step 9]: loss=0.06625 (lr=2.7e-04)
2023-04-04 16:19:42,522 [INFO] bit_common: Running validation...
2023-04-04 16:19:42,647 [DEBUG] PIL.PngImagePlugin: STREAM b'IHDR' 16 13
2023-04-04 16:19:42,648 [DEBUG] PIL.PngImagePlugin: STREAM b'tEXt' 41 57
2023-04-04 16:19:42,648 [DEBUG] PIL.PngImagePlugin: STREAM b'IHDR' 16 13
2023-04-04 16:19:42,648 [DEBUG] PIL.PngImagePlugin: STREAM b'pHYs' 110 9
2023-04-04 16:19:42,648 [DEBUG] PIL.PngImagePlugin: STREAM b'IDAT' 131 65536
2023-04-04 16:19:42,648 [DEBUG] PIL.PngImagePlugin: STREAM b'tEXt' 41 57
2023-04-04 16:19:42,648 [DEBUG] PIL.PngImagePlugin: STREAM b'pHYs' 110 9
2023-04-04 16:19:42,648 [DEBUG] PIL.PngImagePlugin: STREAM b'IDAT' 131 65536
2023-04-04 16:19:42,649 [DEBUG] PIL.PngImagePlugin: STREAM b'IHDR' 16 13
2023-04-04 16:19:42,649 [DEBUG] PIL.PngImagePlugin: STREAM b'tEXt' 41 57
2023-04-04 16:19:42,649 [DEBUG] PIL.PngImagePlugin: STREAM b'pHYs' 110 9
2023-04-04 16:19:42,649 [DEBUG] PIL.PngImagePlugin: STREAM b'IDAT' 131 65536
2023-04-04 16:19:42,650 [DEBUG] PIL.PngImagePlugin: STREAM b'IHDR' 16 13
2023-04-04 16:19:42,650 [DEBUG] PIL.PngImagePlugin: STREAM b'tEXt' 41 57
2023-04-04 16:19:42,650 [DEBUG] PIL.PngImagePlugin: STREAM b'pHYs' 110 9
2023-04-04 16:19:42,650 [DEBUG] PIL.PngImagePlugin: STREAM b'IDAT' 131 65536
2023-04-04 16:19:42,650 [DEBUG] PIL.PngImagePlugin: STREAM b'IHDR' 16 13
2023-04-04 16:19:42,650 [DEBUG] PIL.PngImagePlugin: STREAM b'tEXt' 41 57
2023-04-04 16:19:42,650 [DEBUG] PIL.PngImagePlugin: STREAM b'pHYs' 110 9
2023-04-04 16:19:42,650 [DEBUG] PIL.PngImagePlugin: STREAM b'IDAT' 131 65536
2023-04-04 16:19:42,651 [DEBUG] PIL.PngImagePlugin: STREAM b'IHDR' 16 13
2023-04-04 16:19:42,651 [DEBUG] PIL.PngImagePlugin: STREAM b'tEXt' 41 57
2023-04-04 16:19:42,651 [DEBUG] PIL.PngImagePlugin: STREAM b'pHYs' 110 9
2023-04-04 16:19:42,651 [DEBUG] PIL.PngImagePlugin: STREAM b'IDAT' 131 65536
2023-04-04 16:19:42,651 [DEBUG] PIL.PngImagePlugin: STREAM b'IHDR' 16 13
2023-04-04 16:19:42,651 [DEBUG] PIL.PngImagePlugin: STREAM b'IHDR' 16 13
2023-04-04 16:19:42,651 [DEBUG] PIL.PngImagePlugin: STREAM b'tEXt' 41 57
2023-04-04 16:19:42,651 [DEBUG] PIL.PngImagePlugin: STREAM b'tEXt' 41 57
2023-04-04 16:19:42,651 [DEBUG] PIL.PngImagePlugin: STREAM b'pHYs' 110 9
2023-04-04 16:19:42,651 [DEBUG] PIL.PngImagePlugin: STREAM b'pHYs' 110 9
2023-04-04 16:19:42,651 [DEBUG] PIL.PngImagePlugin: STREAM b'IDAT' 131 65536
2023-04-04 16:19:42,651 [DEBUG] PIL.PngImagePlugin: STREAM b'IDAT' 131 65536
2023-04-04 16:19:42,667 [DEBUG] PIL.PngImagePlugin: STREAM b'IHDR' 16 13
2023-04-04 16:19:42,667 [DEBUG] PIL.PngImagePlugin: STREAM b'IHDR' 16 13
2023-04-04 16:19:42,667 [DEBUG] PIL.PngImagePlugin: STREAM b'IHDR' 16 13
2023-04-04 16:19:42,667 [DEBUG] PIL.PngImagePlugin: STREAM b'IHDR' 16 13
2023-04-04 16:19:42,667 [DEBUG] PIL.PngImagePlugin: STREAM b'tEXt' 41 57
2023-04-04 16:19:42,667 [DEBUG] PIL.PngImagePlugin: STREAM b'tEXt' 41 57
2023-04-04 16:19:42,667 [DEBUG] PIL.PngImagePlugin: STREAM b'tEXt' 41 57
2023-04-04 16:19:42,667 [DEBUG] PIL.PngImagePlugin: STREAM b'tEXt' 41 57
2023-04-04 16:19:42,667 [DEBUG] PIL.PngImagePlugin: STREAM b'pHYs' 110 9
2023-04-04 16:19:42,667 [DEBUG] PIL.PngImagePlugin: STREAM b'pHYs' 110 9
2023-04-04 16:19:42,667 [DEBUG] PIL.PngImagePlugin: STREAM b'pHYs' 110 9
2023-04-04 16:19:42,667 [DEBUG] PIL.PngImagePlugin: STREAM b'pHYs' 110 9
2023-04-04 16:19:42,667 [DEBUG] PIL.PngImagePlugin: STREAM b'IDAT' 131 65536
2023-04-04 16:19:42,667 [DEBUG] PIL.PngImagePlugin: STREAM b'IDAT' 131 65536
2023-04-04 16:19:42,667 [DEBUG] PIL.PngImagePlugin: STREAM b'IDAT' 131 65536
2023-04-04 16:19:42,667 [DEBUG] PIL.PngImagePlugin: STREAM b'IDAT' 131 65536
2023-04-04 16:19:42,682 [DEBUG] PIL.PngImagePlugin: STREAM b'IHDR' 16 13
2023-04-04 16:19:42,682 [DEBUG] PIL.PngImagePlugin: STREAM b'tEXt' 41 57
2023-04-04 16:19:42,682 [DEBUG] PIL.PngImagePlugin: STREAM b'pHYs' 110 9
2023-04-04 16:19:42,682 [DEBUG] PIL.PngImagePlugin: STREAM b'IDAT' 131 65536
2023-04-04 16:19:42,682 [DEBUG] PIL.PngImagePlugin: STREAM b'IHDR' 16 13
2023-04-04 16:19:42,682 [DEBUG] PIL.PngImagePlugin: STREAM b'IHDR' 16 13
2023-04-04 16:19:42,683 [DEBUG] PIL.PngImagePlugin: STREAM b'tEXt' 41 57
2023-04-04 16:19:42,683 [DEBUG] PIL.PngImagePlugin: STREAM b'tEXt' 41 57
2023-04-04 16:19:42,683 [DEBUG] PIL.PngImagePlugin: STREAM b'pHYs' 110 9
2023-04-04 16:19:42,683 [DEBUG] PIL.PngImagePlugin: STREAM b'pHYs' 110 9
2023-04-04 16:19:42,683 [DEBUG] PIL.PngImagePlugin: STREAM b'IDAT' 131 65536
2023-04-04 16:19:42,683 [DEBUG] PIL.PngImagePlugin: STREAM b'IDAT' 131 65536
2023-04-04 16:19:42,684 [DEBUG] PIL.PngImagePlugin: STREAM b'IHDR' 16 13
2023-04-04 16:19:42,684 [DEBUG] PIL.PngImagePlugin: STREAM b'tEXt' 41 57
2023-04-04 16:19:42,684 [DEBUG] PIL.PngImagePlugin: STREAM b'pHYs' 110 9
2023-04-04 16:19:42,684 [DEBUG] PIL.PngImagePlugin: STREAM b'IDAT' 131 65536
2023-04-04 16:19:42,687 [DEBUG] PIL.PngImagePlugin: STREAM b'IHDR' 16 13
2023-04-04 16:19:42,687 [DEBUG] PIL.PngImagePlugin: STREAM b'tEXt' 41 57
2023-04-04 16:19:42,687 [DEBUG] PIL.PngImagePlugin: STREAM b'pHYs' 110 9
2023-04-04 16:19:42,687 [DEBUG] PIL.PngImagePlugin: STREAM b'IDAT' 131 65536
